Using pre-set license
Built from '2022.3/staging' branch; Version is '2022.3.21f1 (bf09ca542b87) revision 12519882'; Using compiler version '192829333'; Build Type 'Release'
OS: 'Windows 10  (10.0.19045) 64bit Professional' Language: 'ko' Physical Memory: 15659 MB
BatchMode: 1, IsHumanControllingUs: 0, StartBugReporterOnCrash: 0, Is64bit: 1, IsPro: 1

COMMAND LINE ARGUMENTS:
C:\Program Files\Unity\Hub\Editor\2022.3.21f1\Editor\Unity.exe
-adb2
-batchMode
-noUpm
-name
AssetImportWorker2
-projectPath
C:/Users/KGA/GitHub/KGA.Unity/KGA
-logFile
Logs/AssetImportWorker2.log
-srvPort
7763
Successfully changed project path to: C:/Users/KGA/GitHub/KGA.Unity/KGA
C:/Users/KGA/GitHub/KGA.Unity/KGA
[UnityMemory] Configuration Parameters - Can be set up in boot.config
    "memorysetup-bucket-allocator-granularity=16"
    "memorysetup-bucket-allocator-bucket-count=8"
    "memorysetup-bucket-allocator-block-size=33554432"
    "memorysetup-bucket-allocator-block-count=8"
    "memorysetup-main-allocator-block-size=16777216"
    "memorysetup-thread-allocator-block-size=16777216"
    "memorysetup-gfx-main-allocator-block-size=16777216"
    "memorysetup-gfx-thread-allocator-block-size=16777216"
    "memorysetup-cache-allocator-block-size=4194304"
    "memorysetup-typetree-allocator-block-size=2097152"
    "memorysetup-profiler-bucket-allocator-granularity=16"
    "memorysetup-profiler-bucket-allocator-bucket-count=8"
    "memorysetup-profiler-bucket-allocator-block-size=33554432"
    "memorysetup-profiler-bucket-allocator-block-count=8"
    "memorysetup-profiler-allocator-block-size=16777216"
    "memorysetup-profiler-editor-allocator-block-size=1048576"
    "memorysetup-temp-allocator-size-main=16777216"
    "memorysetup-job-temp-allocator-block-size=2097152"
    "memorysetup-job-temp-allocator-block-size-background=1048576"
    "memorysetup-job-temp-allocator-reduction-small-platforms=262144"
    "memorysetup-allocator-temp-initial-block-size-main=262144"
    "memorysetup-allocator-temp-initial-block-size-worker=262144"
    "memorysetup-temp-allocator-size-background-worker=32768"
    "memorysetup-temp-allocator-size-job-worker=262144"
    "memorysetup-temp-allocator-size-preload-manager=33554432"
    "memorysetup-temp-allocator-size-nav-mesh-worker=65536"
    "memorysetup-temp-allocator-size-audio-worker=65536"
    "memorysetup-temp-allocator-size-cloud-worker=32768"
    "memorysetup-temp-allocator-size-gi-baking-worker=262144"
    "memorysetup-temp-allocator-size-gfx=262144"
Player connection [18532] Host "[IP] 192.168.0.85 [Port] 0 [Flags] 2 [Guid] 1096309563 [EditorId] 1096309563 [Version] 1048832 [Id] WindowsEditor(7,DESKTOP-63BI976) [Debug] 1 [PackageName] WindowsEditor [ProjectName] Editor" joined multi-casting on [225.0.0.222:54997]...

Player connection [18532] Host "[IP] 192.168.0.85 [Port] 0 [Flags] 2 [Guid] 1096309563 [EditorId] 1096309563 [Version] 1048832 [Id] WindowsEditor(7,DESKTOP-63BI976) [Debug] 1 [PackageName] WindowsEditor [ProjectName] Editor" joined alternative multi-casting on [225.0.0.222:34997]...

[Physics::Module] Initialized MultithreadedJobDispatcher with 11 workers.
Refreshing native plugins compatible for Editor in 182.22 ms, found 4 plugins.
Preloading 0 native plugins for Editor in 0.00 ms.
Initialize engine version: 2022.3.21f1 (bf09ca542b87)
[Subsystems] Discovering subsystems at path C:/Program Files/Unity/Hub/Editor/2022.3.21f1/Editor/Data/Resources/UnitySubsystems
[Subsystems] Discovering subsystems at path C:/Users/KGA/GitHub/KGA.Unity/KGA/Assets
GfxDevice: creating device client; threaded=0; jobified=0
Direct3D:
    Version:  Direct3D 11.0 [level 11.1]
    Renderer: AMD Radeon(TM) Graphics (ID=0x1638)
    Vendor:   ATI
    VRAM:     7829 MB
    Driver:   31.0.12042.4
Initialize mono
Mono path[0] = 'C:/Program Files/Unity/Hub/Editor/2022.3.21f1/Editor/Data/Managed'
Mono path[1] = 'C:/Program Files/Unity/Hub/Editor/2022.3.21f1/Editor/Data/MonoBleedingEdge/lib/mono/unityjit-win32'
Mono config path = 'C:/Program Files/Unity/Hub/Editor/2022.3.21f1/Editor/Data/MonoBleedingEdge/etc'
Using monoOptions --debugger-agent=transport=dt_socket,embedding=1,server=y,suspend=n,address=127.0.0.1:56348
Begin MonoManager ReloadAssembly
Registering precompiled unity dll's ...
Register platform support module: C:/Program Files/Unity/Hub/Editor/2022.3.21f1/Editor/Data/PlaybackEngines/AndroidPlayer/UnityEditor.Android.Extensions.dll
Register platform support module: C:/Program Files/Unity/Hub/Editor/2022.3.21f1/Editor/Data/PlaybackEngines/WindowsStandaloneSupport/UnityEditor.WindowsStandalone.Extensions.dll
Registered in 0.015245 seconds.
- Loaded All Assemblies, in  1.262 seconds
Native extension for WindowsStandalone target not found
Native extension for Android target not found
Multiple ADB server instances found, the following ADB server instance have been terminated due to being run from another SDK. Process paths: 
C:\Program Files\Unity\Hub\Editor\2022.3.55f1\Editor\Data\PlaybackEngines\AndroidPlayer\SDK\platform-tools\adb.exe
UnityEngine.StackTraceUtility:ExtractStackTrace ()
UnityEngine.DebugLogHandler:LogFormat (UnityEngine.LogType,UnityEngine.Object,string,object[])
UnityEngine.Logger:Log (UnityEngine.LogType,object)
UnityEngine.Debug:Log (object)
UnityEditor.Android.AndroidDeploymentTargetsExtension:GetKnownTargets (UnityEditor.DeploymentTargets.IDeploymentTargetsMainThreadContext,UnityEditor.ProgressHandler)
UnityEditor.Android.TargetScanWorker:ScanSync ()
UnityEditor.Android.TargetExtension:OnUsbDevicesChanged (UnityEditor.Hardware.UsbDevice[])
UnityEditor.Android.TargetExtension:OnLoad ()
UnityEditor.Modules.ModuleManager:InitializePlatformSupportModules ()

Android Extension - Scanning For ADB Devices 2640 ms
Mono: successfully reloaded assembly
- Finished resetting the current domain, in  2.962 seconds
Domain Reload Profiling: 4222ms
	BeginReloadAssembly (102ms)
		ExecutionOrderSort (0ms)
		DisableScriptedObjects (0ms)
		BackupInstance (0ms)
		ReleaseScriptingObjects (0ms)
		CreateAndSetChildDomain (1ms)
	RebuildCommonClasses (206ms)
	RebuildNativeTypeToScriptingClass (10ms)
	initialDomainReloadingComplete (71ms)
	LoadAllAssembliesAndSetupDomain (871ms)
		LoadAssemblies (100ms)
		RebuildTransferFunctionScriptingTraits (0ms)
		AnalyzeDomain (869ms)
			TypeCache.Refresh (868ms)
				TypeCache.ScanAssembly (613ms)
			ScanForSourceGeneratedMonoScriptInfo (0ms)
			ResolveRequiredComponents (0ms)
	FinalizeReload (2962ms)
		ReleaseScriptCaches (0ms)
		RebuildScriptCaches (0ms)
		SetupLoadedEditorAssemblies (2906ms)
			LogAssemblyErrors (0ms)
			InitializePlatformSupportModulesInManaged (2754ms)
			SetLoadedEditorAssemblies (4ms)
			RefreshPlugins (0ms)
			BeforeProcessingInitializeOnLoad (2ms)
			ProcessInitializeOnLoadAttributes (102ms)
			ProcessInitializeOnLoadMethodAttributes (44ms)
			AfterProcessingInitializeOnLoad (0ms)
			EditorAssembliesLoaded (0ms)
		ExecutionOrderSort2 (0ms)
		AwakeInstancesAfterBackupRestoration (0ms)
========================================================================
Worker process is ready to serve import requests
Begin MonoManager ReloadAssembly
- Loaded All Assemblies, in  1.093 seconds
Refreshing native plugins compatible for Editor in 6.50 ms, found 4 plugins.
Native extension for WindowsStandalone target not found
Native extension for Android target not found
Mono: successfully reloaded assembly
- Finished resetting the current domain, in  0.802 seconds
Domain Reload Profiling: 1890ms
	BeginReloadAssembly (169ms)
		ExecutionOrderSort (0ms)
		DisableScriptedObjects (8ms)
		BackupInstance (0ms)
		ReleaseScriptingObjects (0ms)
		CreateAndSetChildDomain (28ms)
	RebuildCommonClasses (39ms)
	RebuildNativeTypeToScriptingClass (10ms)
	initialDomainReloadingComplete (53ms)
	LoadAllAssembliesAndSetupDomain (817ms)
		LoadAssemblies (453ms)
		RebuildTransferFunctionScriptingTraits (0ms)
		AnalyzeDomain (461ms)
			TypeCache.Refresh (431ms)
				TypeCache.ScanAssembly (344ms)
			ScanForSourceGeneratedMonoScriptInfo (24ms)
			ResolveRequiredComponents (4ms)
	FinalizeReload (802ms)
		ReleaseScriptCaches (0ms)
		RebuildScriptCaches (0ms)
		SetupLoadedEditorAssemblies (616ms)
			LogAssemblyErrors (0ms)
			InitializePlatformSupportModulesInManaged (30ms)
			SetLoadedEditorAssemblies (4ms)
			RefreshPlugins (0ms)
			BeforeProcessingInitializeOnLoad (117ms)
			ProcessInitializeOnLoadAttributes (417ms)
			ProcessInitializeOnLoadMethodAttributes (39ms)
			AfterProcessingInitializeOnLoad (9ms)
			EditorAssembliesLoaded (0ms)
		ExecutionOrderSort2 (0ms)
		AwakeInstancesAfterBackupRestoration (5ms)
Launched and connected shader compiler UnityShaderCompiler.exe after 0.10 seconds
Refreshing native plugins compatible for Editor in 5.17 ms, found 4 plugins.
Preloading 0 native plugins for Editor in 0.00 ms.
Unloading 4220 Unused Serialized files (Serialized files now loaded: 0)
Unloading 66 unused Assets / (61.7 KB). Loaded Objects now: 4687.
Memory consumption went from 157.4 MB to 157.3 MB.
Total: 3.261100 ms (FindLiveObjects: 0.268300 ms CreateObjectMapping: 0.248500 ms MarkObjects: 2.612400 ms  DeleteObjects: 0.130800 ms)

AssetImportParameters requested are different than current active one (requested -> active):
  custom:container-demuxer-ogg: 62fdf1f143b41e24485cea50d1cbac27 -> 
  custom:scripting/monoscript/fileName/GameManager.cs: 2dca0f81252fbf785736df881c5b2037 -> 73121d96d0564e5af0f14fdeb677b22c
  custom:video-decoder-ogg-theora: a1e56fd34408186e4bbccfd4996cb3dc -> 
  custom:scripting/monoscript/fileName/TextGliter.cs: f439de185337e873282d616079acb1a3 -> 49ba9fd23e03e38a55e80b6b1845f2de
  custom:scripting/monoscript/fileName/Kamikaze.cs: eca429f892dc91c72ae307385f12dfee -> 8678d96da87ef48150574a4bb1d98c47
  custom:framework-win-MediaFoundation: 216162199b28c13a410421893ffa2e32 -> 
  custom:CustomObjectIndexerAttribute: 9a22284fe3817be447336de3de66b15e -> 
  custom:container-demuxer-webm: 4f35f7cbe854078d1ac9338744f61a02 -> 
  custom:container-muxer-webm: aa71ff27fc2769a1b78a27578f13a17b -> 
  custom:scripting/monoscript/fileName/MainScene.cs: 952265fbeeef6404b5c5fc323c98b7e1 -> 
  custom:video-decoder-webm-vp8: 9c59270c3fd7afecdb556c50c9e8de78 -> 
  custom:SearchIndexIgnoredProperties: e643bd26f0fe6173181afceb89e7c659 -> 
  custom:AudioImporter_EditorPlatform: d09bf68614088b80899f8185d706f6e7 -> 
  custom:scripting/monoscript/fileName/Background.cs: 39eef7d8c5990da3dfd173b8ac2d3f0e -> 2871ad11718452793dd2c04954366c23
  custom:scripting/monoscript/fileName/Enemy.cs: 1da0ad09d9c8a27bf96fc6fd6694185e -> 8d23446644005018ab02f3f8999bed81
  custom:video-encoder-webm-vp8: eb34c28f22e8b96e1ab97ce403110664 -> 
  custom:audio-decoder-ogg-vorbis: bf7c407c2cedff20999df2af8eb42d56 -> 
  custom:scripting/monoscript/fileName/Bullet.cs: 3df22b303e77d1629232faef5b67a7b1 -> 
  custom:scripting/monoscript/fileName/Player.cs: 1c1954ad8640f5802761e59d5814064b -> 442ffa9ea1b301674d48532194cee94d
  custom:audio-encoder-webm-vorbis: bf7c407c2cedff20999df2af8eb42d56 -> 
  custom:scripting/monoscript/fileName/EnemySpawner.cs: 3f713ebc6dd99b1015436ab80774c0a9 -> 
  custom:scripting/monoscript/fileName/TitleScene.cs: e1ae3be920fa3a69b039ee53398a0f67 -> 8cf95dd08d0f7d6b2c0e225f6f470f1c
========================================================================
Received Import Request.
  Time since last request: 349751.673835 seconds.
  path: Assets/25.01.03~25.01.06 (31일 차~32일 차)/Scripts/Scene Object
  artifactKey: Guid(f70bf1457b7bf3e4cbd891fc67110f7f) Importer(815301076,1909f56bfc062723c751e8b465ee728b)
Start importing Assets/25.01.03~25.01.06 (31일 차~32일 차)/Scripts/Scene Object using Guid(f70bf1457b7bf3e4cbd891fc67110f7f) Importer(815301076,1909f56bfc062723c751e8b465ee728b)  -> (artifact id: '1940980410f4f4ecd99c1a5d97914f7f') in 0.001921 seconds
Number of updated asset objects reloaded before import = 0
Number of asset objects unloaded after import = 0
========================================================================
Received Import Request.
  Time since last request: 4.522838 seconds.
  path: Assets/25.01.03~25.01.06 (31일 차~32일 차)/Scripts/Projectile.cs
  artifactKey: Guid(bdd3172e353e44642aa47c2f76d5f65f) Importer(815301076,1909f56bfc062723c751e8b465ee728b)
Start importing Assets/25.01.03~25.01.06 (31일 차~32일 차)/Scripts/Projectile.cs using Guid(bdd3172e353e44642aa47c2f76d5f65f) Importer(815301076,1909f56bfc062723c751e8b465ee728b)  -> (artifact id: 'a85e72b86d5351b4c45a7799402dc069') in 0.000385 seconds
Number of updated asset objects reloaded before import = 0
Number of asset objects unloaded after import = 0
========================================================================
Received Prepare
Begin MonoManager ReloadAssembly
- Loaded All Assemblies, in  0.559 seconds
Refreshing native plugins compatible for Editor in 5.57 ms, found 4 plugins.
Native extension for WindowsStandalone target not found
Native extension for Android target not found
Mono: successfully reloaded assembly
- Finished resetting the current domain, in  1.328 seconds
Domain Reload Profiling: 1882ms
	BeginReloadAssembly (175ms)
		ExecutionOrderSort (0ms)
		DisableScriptedObjects (10ms)
		BackupInstance (0ms)
		ReleaseScriptingObjects (0ms)
		CreateAndSetChildDomain (47ms)
	RebuildCommonClasses (40ms)
	RebuildNativeTypeToScriptingClass (9ms)
	initialDomainReloadingComplete (30ms)
	LoadAllAssembliesAndSetupDomain (301ms)
		LoadAssemblies (352ms)
		RebuildTransferFunctionScriptingTraits (0ms)
		AnalyzeDomain (31ms)
			TypeCache.Refresh (10ms)
				TypeCache.ScanAssembly (0ms)
			ScanForSourceGeneratedMonoScriptInfo (10ms)
			ResolveRequiredComponents (8ms)
	FinalizeReload (1329ms)
		ReleaseScriptCaches (0ms)
		RebuildScriptCaches (0ms)
		SetupLoadedEditorAssemblies (667ms)
			LogAssemblyErrors (0ms)
			InitializePlatformSupportModulesInManaged (26ms)
			SetLoadedEditorAssemblies (4ms)
			RefreshPlugins (0ms)
			BeforeProcessingInitializeOnLoad (132ms)
			ProcessInitializeOnLoadAttributes (462ms)
			ProcessInitializeOnLoadMethodAttributes (35ms)
			AfterProcessingInitializeOnLoad (8ms)
			EditorAssembliesLoaded (0ms)
		ExecutionOrderSort2 (0ms)
		AwakeInstancesAfterBackupRestoration (12ms)
Refreshing native plugins compatible for Editor in 5.45 ms, found 4 plugins.
Preloading 0 native plugins for Editor in 0.00 ms.
Unloading 4193 Unused Serialized files (Serialized files now loaded: 0)
Unloading 38 unused Assets / (35.8 KB). Loaded Objects now: 4692.
Memory consumption went from 152.3 MB to 152.2 MB.
Total: 3.280600 ms (FindLiveObjects: 0.282900 ms CreateObjectMapping: 0.225700 ms MarkObjects: 2.712500 ms  DeleteObjects: 0.058700 ms)

Prepare: number of updated asset objects reloaded= 0
AssetImportParameters requested are different than current active one (requested -> active):
  custom:container-demuxer-ogg: 62fdf1f143b41e24485cea50d1cbac27 -> 
  custom:scripting/monoscript/fileName/GameManager.cs: 2dca0f81252fbf785736df881c5b2037 -> 73121d96d0564e5af0f14fdeb677b22c
  custom:video-decoder-ogg-theora: a1e56fd34408186e4bbccfd4996cb3dc -> 
  custom:scripting/monoscript/fileName/TextGliter.cs: f439de185337e873282d616079acb1a3 -> 49ba9fd23e03e38a55e80b6b1845f2de
  custom:scripting/monoscript/fileName/Kamikaze.cs: 3c8b8613604af7ccc0e6fe64fb827d81 -> eca429f892dc91c72ae307385f12dfee
  custom:framework-win-MediaFoundation: 216162199b28c13a410421893ffa2e32 -> 
  custom:CustomObjectIndexerAttribute: 9a22284fe3817be447336de3de66b15e -> 
  custom:container-demuxer-webm: 4f35f7cbe854078d1ac9338744f61a02 -> 
  custom:container-muxer-webm: aa71ff27fc2769a1b78a27578f13a17b -> 
  custom:scripting/monoscript/fileName/MainScene.cs: 952265fbeeef6404b5c5fc323c98b7e1 -> 
  custom:video-decoder-webm-vp8: 9c59270c3fd7afecdb556c50c9e8de78 -> 
  custom:SearchIndexIgnoredProperties: e643bd26f0fe6173181afceb89e7c659 -> 
  custom:AudioImporter_EditorPlatform: d09bf68614088b80899f8185d706f6e7 -> 
  custom:scripting/monoscript/fileName/Background.cs: 39eef7d8c5990da3dfd173b8ac2d3f0e -> 2871ad11718452793dd2c04954366c23
  custom:scripting/monoscript/fileName/Enemy.cs: 47186d9cfb8a2b60e2b81ed0edaad075 -> 17e1130f327a97b02c11d852ea4e8818
  custom:video-encoder-webm-vp8: eb34c28f22e8b96e1ab97ce403110664 -> 
  custom:audio-decoder-ogg-vorbis: bf7c407c2cedff20999df2af8eb42d56 -> 
  custom:scripting/monoscript/fileName/Bullet.cs: 3df22b303e77d1629232faef5b67a7b1 -> 
  custom:scripting/monoscript/fileName/Player.cs: d3066a151016c5b0237aa408a2415135 -> e828efeab861e651a8d710640405dee7
  custom:audio-encoder-webm-vorbis: bf7c407c2cedff20999df2af8eb42d56 -> 
  custom:scripting/monoscript/fileName/EnemySpawner.cs: 3f713ebc6dd99b1015436ab80774c0a9 -> 
  custom:scripting/monoscript/fileName/TitleScene.cs: e1ae3be920fa3a69b039ee53398a0f67 -> 8cf95dd08d0f7d6b2c0e225f6f470f1c
========================================================================
Received Import Request.
  Time since last request: 11.617240 seconds.
  path: Assets/25.01.03~25.01.06 (31일 차~32일 차)/Scripts/Scene Object/Projectile.cs
  artifactKey: Guid(bdd3172e353e44642aa47c2f76d5f65f) Importer(815301076,1909f56bfc062723c751e8b465ee728b)
Start importing Assets/25.01.03~25.01.06 (31일 차~32일 차)/Scripts/Scene Object/Projectile.cs using Guid(bdd3172e353e44642aa47c2f76d5f65f) Importer(815301076,1909f56bfc062723c751e8b465ee728b)  -> (artifact id: 'a50a6907ef79ddd7f6cecafc440eeab7') in 0.001904 seconds
Number of updated asset objects reloaded before import = 0
Number of asset objects unloaded after import = 0
========================================================================
Received Import Request.
  Time since last request: 7.516008 seconds.
  path: Assets/25.01.03~25.01.06 (31일 차~32일 차)/Scripts/Scene Object/Bullet.cs
  artifactKey: Guid(2a32181b00b9a8346a849035954bb170) Importer(815301076,1909f56bfc062723c751e8b465ee728b)
Start importing Assets/25.01.03~25.01.06 (31일 차~32일 차)/Scripts/Scene Object/Bullet.cs using Guid(2a32181b00b9a8346a849035954bb170) Importer(815301076,1909f56bfc062723c751e8b465ee728b)  -> (artifact id: '9863616b3eb8fa066c98feb284b19fdb') in 0.000467 seconds
Number of updated asset objects reloaded before import = 0
Number of asset objects unloaded after import = 0
========================================================================
Received Prepare
Begin MonoManager ReloadAssembly
- Loaded All Assemblies, in  0.556 seconds
Refreshing native plugins compatible for Editor in 6.37 ms, found 4 plugins.
Native extension for WindowsStandalone target not found
Native extension for Android target not found
Mono: successfully reloaded assembly
- Finished resetting the current domain, in  1.237 seconds
Domain Reload Profiling: 1787ms
	BeginReloadAssembly (167ms)
		ExecutionOrderSort (0ms)
		DisableScriptedObjects (11ms)
		BackupInstance (0ms)
		ReleaseScriptingObjects (0ms)
		CreateAndSetChildDomain (42ms)
	RebuildCommonClasses (28ms)
	RebuildNativeTypeToScriptingClass (8ms)
	initialDomainReloadingComplete (34ms)
	LoadAllAssembliesAndSetupDomain (312ms)
		LoadAssemblies (366ms)
		RebuildTransferFunctionScriptingTraits (0ms)
		AnalyzeDomain (30ms)
			TypeCache.Refresh (9ms)
				TypeCache.ScanAssembly (0ms)
			ScanForSourceGeneratedMonoScriptInfo (14ms)
			ResolveRequiredComponents (5ms)
	FinalizeReload (1238ms)
		ReleaseScriptCaches (0ms)
		RebuildScriptCaches (0ms)
		SetupLoadedEditorAssemblies (585ms)
			LogAssemblyErrors (0ms)
			InitializePlatformSupportModulesInManaged (25ms)
			SetLoadedEditorAssemblies (4ms)
			RefreshPlugins (0ms)
			BeforeProcessingInitializeOnLoad (113ms)
			ProcessInitializeOnLoadAttributes (405ms)
			ProcessInitializeOnLoadMethodAttributes (29ms)
			AfterProcessingInitializeOnLoad (8ms)
			EditorAssembliesLoaded (0ms)
		ExecutionOrderSort2 (0ms)
		AwakeInstancesAfterBackupRestoration (14ms)
Refreshing native plugins compatible for Editor in 6.72 ms, found 4 plugins.
Preloading 0 native plugins for Editor in 0.00 ms.
Unloading 4194 Unused Serialized files (Serialized files now loaded: 0)
Unloading 38 unused Assets / (35.8 KB). Loaded Objects now: 4697.
Memory consumption went from 154.3 MB to 154.2 MB.
Total: 4.511600 ms (FindLiveObjects: 0.293800 ms CreateObjectMapping: 0.169900 ms MarkObjects: 3.953500 ms  DeleteObjects: 0.093400 ms)

Prepare: number of updated asset objects reloaded= 0
AssetImportParameters requested are different than current active one (requested -> active):
  custom:container-demuxer-ogg: 62fdf1f143b41e24485cea50d1cbac27 -> 
  custom:scripting/monoscript/fileName/GameManager.cs: 2dca0f81252fbf785736df881c5b2037 -> 73121d96d0564e5af0f14fdeb677b22c
  custom:video-decoder-ogg-theora: a1e56fd34408186e4bbccfd4996cb3dc -> 
  custom:scripting/monoscript/fileName/TextGliter.cs: f439de185337e873282d616079acb1a3 -> 49ba9fd23e03e38a55e80b6b1845f2de
  custom:scripting/monoscript/fileName/Kamikaze.cs: 3c8b8613604af7ccc0e6fe64fb827d81 -> eca429f892dc91c72ae307385f12dfee
  custom:framework-win-MediaFoundation: 216162199b28c13a410421893ffa2e32 -> 
  custom:CustomObjectIndexerAttribute: 9a22284fe3817be447336de3de66b15e -> 
  custom:container-demuxer-webm: 4f35f7cbe854078d1ac9338744f61a02 -> 
  custom:container-muxer-webm: aa71ff27fc2769a1b78a27578f13a17b -> 
  custom:scripting/monoscript/fileName/MainScene.cs: 952265fbeeef6404b5c5fc323c98b7e1 -> 
  custom:video-decoder-webm-vp8: 9c59270c3fd7afecdb556c50c9e8de78 -> 
  custom:SearchIndexIgnoredProperties: e643bd26f0fe6173181afceb89e7c659 -> 
  custom:AudioImporter_EditorPlatform: d09bf68614088b80899f8185d706f6e7 -> 
  custom:scripting/monoscript/fileName/Background.cs: 39eef7d8c5990da3dfd173b8ac2d3f0e -> 2871ad11718452793dd2c04954366c23
  custom:scripting/monoscript/fileName/Enemy.cs: 47186d9cfb8a2b60e2b81ed0edaad075 -> 17e1130f327a97b02c11d852ea4e8818
  custom:video-encoder-webm-vp8: eb34c28f22e8b96e1ab97ce403110664 -> 
  custom:audio-decoder-ogg-vorbis: bf7c407c2cedff20999df2af8eb42d56 -> 
  custom:scripting/monoscript/fileName/Bullet.cs: 5162ed80d5044bd278c6f8d7b99d2fd4 -> d474c74cc1b21e2d8a36f13eb62ce46f
  custom:scripting/monoscript/fileName/Player.cs: d3066a151016c5b0237aa408a2415135 -> e828efeab861e651a8d710640405dee7
  custom:audio-encoder-webm-vorbis: bf7c407c2cedff20999df2af8eb42d56 -> 
  custom:scripting/monoscript/fileName/EnemySpawner.cs: 3f713ebc6dd99b1015436ab80774c0a9 -> 
  custom:scripting/monoscript/fileName/TitleScene.cs: e1ae3be920fa3a69b039ee53398a0f67 -> 8cf95dd08d0f7d6b2c0e225f6f470f1c
========================================================================
Received Prepare
Begin MonoManager ReloadAssembly
- Loaded All Assemblies, in  0.496 seconds
Refreshing native plugins compatible for Editor in 5.08 ms, found 4 plugins.
Native extension for WindowsStandalone target not found
Native extension for Android target not found
Mono: successfully reloaded assembly
- Finished resetting the current domain, in  1.191 seconds
Domain Reload Profiling: 1683ms
	BeginReloadAssembly (157ms)
		ExecutionOrderSort (0ms)
		DisableScriptedObjects (12ms)
		BackupInstance (0ms)
		ReleaseScriptingObjects (0ms)
		CreateAndSetChildDomain (40ms)
	RebuildCommonClasses (26ms)
	RebuildNativeTypeToScriptingClass (8ms)
	initialDomainReloadingComplete (29ms)
	LoadAllAssembliesAndSetupDomain (272ms)
		LoadAssemblies (322ms)
		RebuildTransferFunctionScriptingTraits (0ms)
		AnalyzeDomain (24ms)
			TypeCache.Refresh (8ms)
				TypeCache.ScanAssembly (0ms)
			ScanForSourceGeneratedMonoScriptInfo (10ms)
			ResolveRequiredComponents (5ms)
	FinalizeReload (1191ms)
		ReleaseScriptCaches (0ms)
		RebuildScriptCaches (0ms)
		SetupLoadedEditorAssemblies (583ms)
			LogAssemblyErrors (0ms)
			InitializePlatformSupportModulesInManaged (26ms)
			SetLoadedEditorAssemblies (4ms)
			RefreshPlugins (0ms)
			BeforeProcessingInitializeOnLoad (111ms)
			ProcessInitializeOnLoadAttributes (399ms)
			ProcessInitializeOnLoadMethodAttributes (33ms)
			AfterProcessingInitializeOnLoad (9ms)
			EditorAssembliesLoaded (0ms)
		ExecutionOrderSort2 (0ms)
		AwakeInstancesAfterBackupRestoration (12ms)
Refreshing native plugins compatible for Editor in 4.85 ms, found 4 plugins.
Preloading 0 native plugins for Editor in 0.00 ms.
Unloading 4195 Unused Serialized files (Serialized files now loaded: 0)
Unloading 38 unused Assets / (35.8 KB). Loaded Objects now: 4701.
Memory consumption went from 156.5 MB to 156.4 MB.
Total: 2.911300 ms (FindLiveObjects: 0.281100 ms CreateObjectMapping: 0.115800 ms MarkObjects: 2.437400 ms  DeleteObjects: 0.076200 ms)

Prepare: number of updated asset objects reloaded= 0
AssetImportParameters requested are different than current active one (requested -> active):
  custom:container-demuxer-ogg: 62fdf1f143b41e24485cea50d1cbac27 -> 
  custom:scripting/monoscript/fileName/GameManager.cs: 2dca0f81252fbf785736df881c5b2037 -> 73121d96d0564e5af0f14fdeb677b22c
  custom:video-decoder-ogg-theora: a1e56fd34408186e4bbccfd4996cb3dc -> 
  custom:scripting/monoscript/fileName/TextGliter.cs: f439de185337e873282d616079acb1a3 -> 49ba9fd23e03e38a55e80b6b1845f2de
  custom:scripting/monoscript/fileName/Kamikaze.cs: 3c8b8613604af7ccc0e6fe64fb827d81 -> eca429f892dc91c72ae307385f12dfee
  custom:framework-win-MediaFoundation: 216162199b28c13a410421893ffa2e32 -> 
  custom:CustomObjectIndexerAttribute: 9a22284fe3817be447336de3de66b15e -> 
  custom:container-demuxer-webm: 4f35f7cbe854078d1ac9338744f61a02 -> 
  custom:container-muxer-webm: aa71ff27fc2769a1b78a27578f13a17b -> 
  custom:scripting/monoscript/fileName/MainScene.cs: 952265fbeeef6404b5c5fc323c98b7e1 -> 
  custom:video-decoder-webm-vp8: 9c59270c3fd7afecdb556c50c9e8de78 -> 
  custom:SearchIndexIgnoredProperties: e643bd26f0fe6173181afceb89e7c659 -> 
  custom:AudioImporter_EditorPlatform: d09bf68614088b80899f8185d706f6e7 -> 
  custom:scripting/monoscript/fileName/Background.cs: 39eef7d8c5990da3dfd173b8ac2d3f0e -> 2871ad11718452793dd2c04954366c23
  custom:scripting/monoscript/fileName/Enemy.cs: 47186d9cfb8a2b60e2b81ed0edaad075 -> 17e1130f327a97b02c11d852ea4e8818
  custom:video-encoder-webm-vp8: eb34c28f22e8b96e1ab97ce403110664 -> 
  custom:audio-decoder-ogg-vorbis: bf7c407c2cedff20999df2af8eb42d56 -> 
  custom:scripting/monoscript/fileName/Bullet.cs: 303394058226bd394ee5cb9b1428d64c -> 3df22b303e77d1629232faef5b67a7b1
  custom:scripting/monoscript/fileName/Player.cs: d3066a151016c5b0237aa408a2415135 -> e828efeab861e651a8d710640405dee7
  custom:audio-encoder-webm-vorbis: bf7c407c2cedff20999df2af8eb42d56 -> 
  custom:scripting/monoscript/fileName/EnemySpawner.cs: 3f713ebc6dd99b1015436ab80774c0a9 -> 
  custom:scripting/monoscript/fileName/TitleScene.cs: e1ae3be920fa3a69b039ee53398a0f67 -> 8cf95dd08d0f7d6b2c0e225f6f470f1c
========================================================================
Received Import Request.
  Time since last request: 54.908975 seconds.
  path: Assets/25.01.03~25.01.06 (31일 차~32일 차)/Scripts/Scene Object/Bullet.cs
  artifactKey: Guid(2a32181b00b9a8346a849035954bb170) Importer(815301076,1909f56bfc062723c751e8b465ee728b)
Start importing Assets/25.01.03~25.01.06 (31일 차~32일 차)/Scripts/Scene Object/Bullet.cs using Guid(2a32181b00b9a8346a849035954bb170) Importer(815301076,1909f56bfc062723c751e8b465ee728b)  -> (artifact id: '1601cb94a53cfbb1e6909020fad88e70') in 0.001704 seconds
Number of updated asset objects reloaded before import = 0
Number of asset objects unloaded after import = 0
========================================================================
Received Import Request.
  Time since last request: 34.282456 seconds.
  path: Assets/25.01.03~25.01.06 (31일 차~32일 차)/Prefabs/Bullet.prefab
  artifactKey: Guid(1b7a91e32311d8d4187f4a149d8190f4) Importer(815301076,1909f56bfc062723c751e8b465ee728b)
Start importing Assets/25.01.03~25.01.06 (31일 차~32일 차)/Prefabs/Bullet.prefab using Guid(1b7a91e32311d8d4187f4a149d8190f4) Importer(815301076,1909f56bfc062723c751e8b465ee728b)  -> (artifact id: 'f0102e2a511dad771b1d35ee87057b9e') in 0.067105 seconds
Number of updated asset objects reloaded before import = 0
Number of asset objects unloaded after import = 11
========================================================================
Received Import Request.
  Time since last request: 4.229312 seconds.
  path: Assets/25.01.03~25.01.06 (31일 차~32일 차)/Prefabs/Player Bullet.prefab
  artifactKey: Guid(1b7a91e32311d8d4187f4a149d8190f4) Importer(815301076,1909f56bfc062723c751e8b465ee728b)
Start importing Assets/25.01.03~25.01.06 (31일 차~32일 차)/Prefabs/Player Bullet.prefab using Guid(1b7a91e32311d8d4187f4a149d8190f4) Importer(815301076,1909f56bfc062723c751e8b465ee728b)  -> (artifact id: 'f1664ad5781f21c642dd705d49655d31') in 0.006552 seconds
Number of updated asset objects reloaded before import = 0
Number of asset objects unloaded after import = 11
========================================================================
Received Import Request.
  Time since last request: 6.367351 seconds.
  path: Assets/25.01.03~25.01.06 (31일 차~32일 차)/Prefabs/Player Bullet.prefab
  artifactKey: Guid(1b7a91e32311d8d4187f4a149d8190f4) Importer(815301076,1909f56bfc062723c751e8b465ee728b)
Start importing Assets/25.01.03~25.01.06 (31일 차~32일 차)/Prefabs/Player Bullet.prefab using Guid(1b7a91e32311d8d4187f4a149d8190f4) Importer(815301076,1909f56bfc062723c751e8b465ee728b)  -> (artifact id: '3dde1f8951e1d75252da664b3bc4fbf0') in 0.006456 seconds
Number of updated asset objects reloaded before import = 0
Number of asset objects unloaded after import = 11
========================================================================
Received Import Request.
  Time since last request: 23.218415 seconds.
  path: Assets/25.01.03~25.01.06 (31일 차~32일 차)/Prefabs/Weapon.prefab
  artifactKey: Guid(84f7480666f5a3741b9ab451a7f1c41d) Importer(815301076,1909f56bfc062723c751e8b465ee728b)
Start importing Assets/25.01.03~25.01.06 (31일 차~32일 차)/Prefabs/Weapon.prefab using Guid(84f7480666f5a3741b9ab451a7f1c41d) Importer(815301076,1909f56bfc062723c751e8b465ee728b)  -> (artifact id: '2ddaf89a2955221d3c93a6140922503e') in 0.002862 seconds
Number of updated asset objects reloaded before import = 0
Number of asset objects unloaded after import = 15
========================================================================
Received Prepare
Begin MonoManager ReloadAssembly
- Loaded All Assemblies, in  0.507 seconds
Refreshing native plugins compatible for Editor in 5.05 ms, found 4 plugins.
Native extension for WindowsStandalone target not found
Native extension for Android target not found
Mono: successfully reloaded assembly
- Finished resetting the current domain, in  1.204 seconds
Domain Reload Profiling: 1704ms
	BeginReloadAssembly (165ms)
		ExecutionOrderSort (0ms)
		DisableScriptedObjects (14ms)
		BackupInstance (0ms)
		ReleaseScriptingObjects (0ms)
		CreateAndSetChildDomain (39ms)
	RebuildCommonClasses (29ms)
	RebuildNativeTypeToScriptingClass (8ms)
	initialDomainReloadingComplete (28ms)
	LoadAllAssembliesAndSetupDomain (270ms)
		LoadAssemblies (322ms)
		RebuildTransferFunctionScriptingTraits (0ms)
		AnalyzeDomain (27ms)
			TypeCache.Refresh (10ms)
				TypeCache.ScanAssembly (0ms)
			ScanForSourceGeneratedMonoScriptInfo (12ms)
			ResolveRequiredComponents (4ms)
	FinalizeReload (1204ms)
		ReleaseScriptCaches (0ms)
		RebuildScriptCaches (0ms)
		SetupLoadedEditorAssemblies (555ms)
			LogAssemblyErrors (0ms)
			InitializePlatformSupportModulesInManaged (30ms)
			SetLoadedEditorAssemblies (5ms)
			RefreshPlugins (0ms)
			BeforeProcessingInitializeOnLoad (125ms)
			ProcessInitializeOnLoadAttributes (358ms)
			ProcessInitializeOnLoadMethodAttributes (28ms)
			AfterProcessingInitializeOnLoad (8ms)
			EditorAssembliesLoaded (0ms)
		ExecutionOrderSort2 (0ms)
		AwakeInstancesAfterBackupRestoration (11ms)
Refreshing native plugins compatible for Editor in 4.95 ms, found 4 plugins.
Preloading 0 native plugins for Editor in 0.00 ms.
Unloading 4194 Unused Serialized files (Serialized files now loaded: 0)
Unloading 38 unused Assets / (35.8 KB). Loaded Objects now: 4712.
Memory consumption went from 158.3 MB to 158.2 MB.
Total: 3.069300 ms (FindLiveObjects: 0.253700 ms CreateObjectMapping: 0.202600 ms MarkObjects: 2.555900 ms  DeleteObjects: 0.056800 ms)

Prepare: number of updated asset objects reloaded= 0
AssetImportParameters requested are different than current active one (requested -> active):
  custom:container-demuxer-ogg: 62fdf1f143b41e24485cea50d1cbac27 -> 
  custom:scripting/monoscript/fileName/GameManager.cs: 2dca0f81252fbf785736df881c5b2037 -> 73121d96d0564e5af0f14fdeb677b22c
  custom:video-decoder-ogg-theora: a1e56fd34408186e4bbccfd4996cb3dc -> 
  custom:scripting/monoscript/fileName/TextGliter.cs: f439de185337e873282d616079acb1a3 -> 49ba9fd23e03e38a55e80b6b1845f2de
  custom:scripting/monoscript/fileName/Kamikaze.cs: 3c8b8613604af7ccc0e6fe64fb827d81 -> eca429f892dc91c72ae307385f12dfee
  custom:framework-win-MediaFoundation: 216162199b28c13a410421893ffa2e32 -> 
  custom:CustomObjectIndexerAttribute: 9a22284fe3817be447336de3de66b15e -> 
  custom:container-demuxer-webm: 4f35f7cbe854078d1ac9338744f61a02 -> 
  custom:container-muxer-webm: aa71ff27fc2769a1b78a27578f13a17b -> 
  custom:scripting/monoscript/fileName/MainScene.cs: 952265fbeeef6404b5c5fc323c98b7e1 -> 
  custom:video-decoder-webm-vp8: 9c59270c3fd7afecdb556c50c9e8de78 -> 
  custom:SearchIndexIgnoredProperties: e643bd26f0fe6173181afceb89e7c659 -> 
  custom:AudioImporter_EditorPlatform: d09bf68614088b80899f8185d706f6e7 -> 
  custom:scripting/monoscript/fileName/Background.cs: 39eef7d8c5990da3dfd173b8ac2d3f0e -> 2871ad11718452793dd2c04954366c23
  custom:scripting/monoscript/fileName/Enemy.cs: 47186d9cfb8a2b60e2b81ed0edaad075 -> 17e1130f327a97b02c11d852ea4e8818
  custom:video-encoder-webm-vp8: eb34c28f22e8b96e1ab97ce403110664 -> 
  custom:audio-decoder-ogg-vorbis: bf7c407c2cedff20999df2af8eb42d56 -> 
  custom:scripting/monoscript/fileName/Bullet.cs: 303394058226bd394ee5cb9b1428d64c -> 3df22b303e77d1629232faef5b67a7b1
  custom:scripting/monoscript/fileName/Player.cs: d3066a151016c5b0237aa408a2415135 -> e828efeab861e651a8d710640405dee7
  custom:audio-encoder-webm-vorbis: bf7c407c2cedff20999df2af8eb42d56 -> 
  custom:scripting/monoscript/fileName/EnemySpawner.cs: 3f713ebc6dd99b1015436ab80774c0a9 -> 
  custom:scripting/monoscript/fileName/TitleScene.cs: e1ae3be920fa3a69b039ee53398a0f67 -> 8cf95dd08d0f7d6b2c0e225f6f470f1c
========================================================================
Received Prepare
Begin MonoManager ReloadAssembly
- Loaded All Assemblies, in  0.500 seconds
Refreshing native plugins compatible for Editor in 4.97 ms, found 4 plugins.
Native extension for WindowsStandalone target not found
Native extension for Android target not found
Mono: successfully reloaded assembly
- Finished resetting the current domain, in  1.420 seconds
Domain Reload Profiling: 1916ms
	BeginReloadAssembly (151ms)
		ExecutionOrderSort (0ms)
		DisableScriptedObjects (10ms)
		BackupInstance (0ms)
		ReleaseScriptingObjects (0ms)
		CreateAndSetChildDomain (39ms)
	RebuildCommonClasses (27ms)
	RebuildNativeTypeToScriptingClass (8ms)
	initialDomainReloadingComplete (28ms)
	LoadAllAssembliesAndSetupDomain (282ms)
		LoadAssemblies (340ms)
		RebuildTransferFunctionScriptingTraits (0ms)
		AnalyzeDomain (14ms)
			TypeCache.Refresh (6ms)
				TypeCache.ScanAssembly (0ms)
			ScanForSourceGeneratedMonoScriptInfo (0ms)
			ResolveRequiredComponents (6ms)
	FinalizeReload (1420ms)
		ReleaseScriptCaches (0ms)
		RebuildScriptCaches (0ms)
		SetupLoadedEditorAssemblies (702ms)
			LogAssemblyErrors (0ms)
			InitializePlatformSupportModulesInManaged (32ms)
			SetLoadedEditorAssemblies (5ms)
			RefreshPlugins (0ms)
			BeforeProcessingInitializeOnLoad (139ms)
			ProcessInitializeOnLoadAttributes (476ms)
			ProcessInitializeOnLoadMethodAttributes (39ms)
			AfterProcessingInitializeOnLoad (10ms)
			EditorAssembliesLoaded (1ms)
		ExecutionOrderSort2 (0ms)
		AwakeInstancesAfterBackupRestoration (16ms)
Refreshing native plugins compatible for Editor in 6.77 ms, found 4 plugins.
Preloading 0 native plugins for Editor in 0.00 ms.
Unloading 4195 Unused Serialized files (Serialized files now loaded: 0)
Unloading 38 unused Assets / (35.9 KB). Loaded Objects now: 4716.
Memory consumption went from 160.5 MB to 160.4 MB.
Total: 4.551400 ms (FindLiveObjects: 0.371900 ms CreateObjectMapping: 0.125300 ms MarkObjects: 3.990300 ms  DeleteObjects: 0.062700 ms)

Prepare: number of updated asset objects reloaded= 0
AssetImportParameters requested are different than current active one (requested -> active):
  custom:container-demuxer-ogg: 62fdf1f143b41e24485cea50d1cbac27 -> 
  custom:scripting/monoscript/fileName/GameManager.cs: 2dca0f81252fbf785736df881c5b2037 -> 73121d96d0564e5af0f14fdeb677b22c
  custom:video-decoder-ogg-theora: a1e56fd34408186e4bbccfd4996cb3dc -> 
  custom:scripting/monoscript/fileName/TextGliter.cs: f439de185337e873282d616079acb1a3 -> 49ba9fd23e03e38a55e80b6b1845f2de
  custom:scripting/monoscript/fileName/Kamikaze.cs: 3c8b8613604af7ccc0e6fe64fb827d81 -> eca429f892dc91c72ae307385f12dfee
  custom:framework-win-MediaFoundation: 216162199b28c13a410421893ffa2e32 -> 
  custom:CustomObjectIndexerAttribute: 9a22284fe3817be447336de3de66b15e -> 
  custom:container-demuxer-webm: 4f35f7cbe854078d1ac9338744f61a02 -> 
  custom:container-muxer-webm: aa71ff27fc2769a1b78a27578f13a17b -> 
  custom:scripting/monoscript/fileName/MainScene.cs: 952265fbeeef6404b5c5fc323c98b7e1 -> 
  custom:video-decoder-webm-vp8: 9c59270c3fd7afecdb556c50c9e8de78 -> 
  custom:SearchIndexIgnoredProperties: e643bd26f0fe6173181afceb89e7c659 -> 
  custom:AudioImporter_EditorPlatform: d09bf68614088b80899f8185d706f6e7 -> 
  custom:scripting/monoscript/fileName/Background.cs: 39eef7d8c5990da3dfd173b8ac2d3f0e -> 2871ad11718452793dd2c04954366c23
  custom:scripting/monoscript/fileName/Enemy.cs: 47186d9cfb8a2b60e2b81ed0edaad075 -> 17e1130f327a97b02c11d852ea4e8818
  custom:video-encoder-webm-vp8: eb34c28f22e8b96e1ab97ce403110664 -> 
  custom:audio-decoder-ogg-vorbis: bf7c407c2cedff20999df2af8eb42d56 -> 
  custom:scripting/monoscript/fileName/Bullet.cs: 303394058226bd394ee5cb9b1428d64c -> 3df22b303e77d1629232faef5b67a7b1
  custom:scripting/monoscript/fileName/Player.cs: d3066a151016c5b0237aa408a2415135 -> e828efeab861e651a8d710640405dee7
  custom:audio-encoder-webm-vorbis: bf7c407c2cedff20999df2af8eb42d56 -> 
  custom:scripting/monoscript/fileName/EnemySpawner.cs: 3f713ebc6dd99b1015436ab80774c0a9 -> 
  custom:scripting/monoscript/fileName/TitleScene.cs: e1ae3be920fa3a69b039ee53398a0f67 -> 8cf95dd08d0f7d6b2c0e225f6f470f1c
========================================================================
Received Prepare
Begin MonoManager ReloadAssembly
- Loaded All Assemblies, in  0.496 seconds
Refreshing native plugins compatible for Editor in 6.81 ms, found 4 plugins.
Native extension for WindowsStandalone target not found
Native extension for Android target not found
Mono: successfully reloaded assembly
- Finished resetting the current domain, in  1.096 seconds
Domain Reload Profiling: 1587ms
	BeginReloadAssembly (154ms)
		ExecutionOrderSort (0ms)
		DisableScriptedObjects (10ms)
		BackupInstance (0ms)
		ReleaseScriptingObjects (0ms)
		CreateAndSetChildDomain (41ms)
	RebuildCommonClasses (29ms)
	RebuildNativeTypeToScriptingClass (9ms)
	initialDomainReloadingComplete (29ms)
	LoadAllAssembliesAndSetupDomain (270ms)
		LoadAssemblies (315ms)
		RebuildTransferFunctionScriptingTraits (0ms)
		AnalyzeDomain (26ms)
			TypeCache.Refresh (8ms)
				TypeCache.ScanAssembly (0ms)
			ScanForSourceGeneratedMonoScriptInfo (8ms)
			ResolveRequiredComponents (8ms)
	FinalizeReload (1096ms)
		ReleaseScriptCaches (0ms)
		RebuildScriptCaches (0ms)
		SetupLoadedEditorAssemblies (535ms)
			LogAssemblyErrors (0ms)
			InitializePlatformSupportModulesInManaged (24ms)
			SetLoadedEditorAssemblies (4ms)
			RefreshPlugins (0ms)
			BeforeProcessingInitializeOnLoad (103ms)
			ProcessInitializeOnLoadAttributes (362ms)
			ProcessInitializeOnLoadMethodAttributes (32ms)
			AfterProcessingInitializeOnLoad (9ms)
			EditorAssembliesLoaded (0ms)
		ExecutionOrderSort2 (0ms)
		AwakeInstancesAfterBackupRestoration (11ms)
Refreshing native plugins compatible for Editor in 5.42 ms, found 4 plugins.
Preloading 0 native plugins for Editor in 0.00 ms.
Unloading 4195 Unused Serialized files (Serialized files now loaded: 0)
Unloading 38 unused Assets / (36.8 KB). Loaded Objects now: 4720.
Memory consumption went from 162.4 MB to 162.4 MB.
Total: 3.072100 ms (FindLiveObjects: 0.404300 ms CreateObjectMapping: 0.217300 ms MarkObjects: 2.364500 ms  DeleteObjects: 0.084800 ms)

Prepare: number of updated asset objects reloaded= 0
AssetImportParameters requested are different than current active one (requested -> active):
  custom:container-demuxer-ogg: 62fdf1f143b41e24485cea50d1cbac27 -> 
  custom:scripting/monoscript/fileName/GameManager.cs: 2dca0f81252fbf785736df881c5b2037 -> 73121d96d0564e5af0f14fdeb677b22c
  custom:video-decoder-ogg-theora: a1e56fd34408186e4bbccfd4996cb3dc -> 
  custom:scripting/monoscript/fileName/TextGliter.cs: f439de185337e873282d616079acb1a3 -> 49ba9fd23e03e38a55e80b6b1845f2de
  custom:scripting/monoscript/fileName/Kamikaze.cs: 3c8b8613604af7ccc0e6fe64fb827d81 -> eca429f892dc91c72ae307385f12dfee
  custom:framework-win-MediaFoundation: 216162199b28c13a410421893ffa2e32 -> 
  custom:CustomObjectIndexerAttribute: 9a22284fe3817be447336de3de66b15e -> 
  custom:container-demuxer-webm: 4f35f7cbe854078d1ac9338744f61a02 -> 
  custom:container-muxer-webm: aa71ff27fc2769a1b78a27578f13a17b -> 
  custom:scripting/monoscript/fileName/MainScene.cs: 952265fbeeef6404b5c5fc323c98b7e1 -> 
  custom:video-decoder-webm-vp8: 9c59270c3fd7afecdb556c50c9e8de78 -> 
  custom:SearchIndexIgnoredProperties: e643bd26f0fe6173181afceb89e7c659 -> 
  custom:AudioImporter_EditorPlatform: d09bf68614088b80899f8185d706f6e7 -> 
  custom:scripting/monoscript/fileName/Background.cs: 39eef7d8c5990da3dfd173b8ac2d3f0e -> 2871ad11718452793dd2c04954366c23
  custom:scripting/monoscript/fileName/Enemy.cs: 47186d9cfb8a2b60e2b81ed0edaad075 -> 17e1130f327a97b02c11d852ea4e8818
  custom:video-encoder-webm-vp8: eb34c28f22e8b96e1ab97ce403110664 -> 
  custom:audio-decoder-ogg-vorbis: bf7c407c2cedff20999df2af8eb42d56 -> 
  custom:scripting/monoscript/fileName/Bullet.cs: 303394058226bd394ee5cb9b1428d64c -> 3df22b303e77d1629232faef5b67a7b1
  custom:scripting/monoscript/fileName/Player.cs: d3066a151016c5b0237aa408a2415135 -> e828efeab861e651a8d710640405dee7
  custom:audio-encoder-webm-vorbis: bf7c407c2cedff20999df2af8eb42d56 -> 
  custom:scripting/monoscript/fileName/EnemySpawner.cs: 3f713ebc6dd99b1015436ab80774c0a9 -> 
  custom:scripting/monoscript/fileName/TitleScene.cs: e1ae3be920fa3a69b039ee53398a0f67 -> 8cf95dd08d0f7d6b2c0e225f6f470f1c
========================================================================
Received Prepare
Begin MonoManager ReloadAssembly
- Loaded All Assemblies, in  0.494 seconds
Refreshing native plugins compatible for Editor in 5.02 ms, found 4 plugins.
Native extension for WindowsStandalone target not found
Native extension for Android target not found
Mono: successfully reloaded assembly
- Finished resetting the current domain, in  1.107 seconds
Domain Reload Profiling: 1597ms
	BeginReloadAssembly (158ms)
		ExecutionOrderSort (0ms)
		DisableScriptedObjects (12ms)
		BackupInstance (0ms)
		ReleaseScriptingObjects (0ms)
		CreateAndSetChildDomain (43ms)
	RebuildCommonClasses (26ms)
	RebuildNativeTypeToScriptingClass (9ms)
	initialDomainReloadingComplete (31ms)
	LoadAllAssembliesAndSetupDomain (266ms)
		LoadAssemblies (318ms)
		RebuildTransferFunctionScriptingTraits (0ms)
		AnalyzeDomain (21ms)
			TypeCache.Refresh (7ms)
				TypeCache.ScanAssembly (0ms)
			ScanForSourceGeneratedMonoScriptInfo (8ms)
			ResolveRequiredComponents (4ms)
	FinalizeReload (1107ms)
		ReleaseScriptCaches (0ms)
		RebuildScriptCaches (0ms)
		SetupLoadedEditorAssemblies (528ms)
			LogAssemblyErrors (0ms)
			InitializePlatformSupportModulesInManaged (23ms)
			SetLoadedEditorAssemblies (4ms)
			RefreshPlugins (0ms)
			BeforeProcessingInitializeOnLoad (108ms)
			ProcessInitializeOnLoadAttributes (356ms)
			ProcessInitializeOnLoadMethodAttributes (29ms)
			AfterProcessingInitializeOnLoad (8ms)
			EditorAssembliesLoaded (0ms)
		ExecutionOrderSort2 (0ms)
		AwakeInstancesAfterBackupRestoration (11ms)
Refreshing native plugins compatible for Editor in 5.01 ms, found 4 plugins.
Preloading 0 native plugins for Editor in 0.00 ms.
Unloading 4195 Unused Serialized files (Serialized files now loaded: 0)
Unloading 38 unused Assets / (35.9 KB). Loaded Objects now: 4724.
Memory consumption went from 164.3 MB to 164.3 MB.
Total: 3.319200 ms (FindLiveObjects: 0.298400 ms CreateObjectMapping: 0.121300 ms MarkObjects: 2.795000 ms  DeleteObjects: 0.103500 ms)

Prepare: number of updated asset objects reloaded= 0
AssetImportParameters requested are different than current active one (requested -> active):
  custom:container-demuxer-ogg: 62fdf1f143b41e24485cea50d1cbac27 -> 
  custom:scripting/monoscript/fileName/GameManager.cs: 2dca0f81252fbf785736df881c5b2037 -> 73121d96d0564e5af0f14fdeb677b22c
  custom:video-decoder-ogg-theora: a1e56fd34408186e4bbccfd4996cb3dc -> 
  custom:scripting/monoscript/fileName/TextGliter.cs: f439de185337e873282d616079acb1a3 -> 49ba9fd23e03e38a55e80b6b1845f2de
  custom:scripting/monoscript/fileName/Kamikaze.cs: 3c8b8613604af7ccc0e6fe64fb827d81 -> eca429f892dc91c72ae307385f12dfee
  custom:framework-win-MediaFoundation: 216162199b28c13a410421893ffa2e32 -> 
  custom:CustomObjectIndexerAttribute: 9a22284fe3817be447336de3de66b15e -> 
  custom:container-demuxer-webm: 4f35f7cbe854078d1ac9338744f61a02 -> 
  custom:container-muxer-webm: aa71ff27fc2769a1b78a27578f13a17b -> 
  custom:scripting/monoscript/fileName/MainScene.cs: 952265fbeeef6404b5c5fc323c98b7e1 -> 
  custom:video-decoder-webm-vp8: 9c59270c3fd7afecdb556c50c9e8de78 -> 
  custom:SearchIndexIgnoredProperties: e643bd26f0fe6173181afceb89e7c659 -> 
  custom:AudioImporter_EditorPlatform: d09bf68614088b80899f8185d706f6e7 -> 
  custom:scripting/monoscript/fileName/Background.cs: 39eef7d8c5990da3dfd173b8ac2d3f0e -> 2871ad11718452793dd2c04954366c23
  custom:scripting/monoscript/fileName/Enemy.cs: 47186d9cfb8a2b60e2b81ed0edaad075 -> 17e1130f327a97b02c11d852ea4e8818
  custom:video-encoder-webm-vp8: eb34c28f22e8b96e1ab97ce403110664 -> 
  custom:audio-decoder-ogg-vorbis: bf7c407c2cedff20999df2af8eb42d56 -> 
  custom:scripting/monoscript/fileName/Bullet.cs: 303394058226bd394ee5cb9b1428d64c -> 3df22b303e77d1629232faef5b67a7b1
  custom:scripting/monoscript/fileName/Player.cs: d3066a151016c5b0237aa408a2415135 -> e828efeab861e651a8d710640405dee7
  custom:audio-encoder-webm-vorbis: bf7c407c2cedff20999df2af8eb42d56 -> 
  custom:scripting/monoscript/fileName/EnemySpawner.cs: 3f713ebc6dd99b1015436ab80774c0a9 -> 
  custom:scripting/monoscript/fileName/TitleScene.cs: e1ae3be920fa3a69b039ee53398a0f67 -> 8cf95dd08d0f7d6b2c0e225f6f470f1c
========================================================================
Received Prepare
Begin MonoManager ReloadAssembly
- Loaded All Assemblies, in  0.516 seconds
Refreshing native plugins compatible for Editor in 5.39 ms, found 4 plugins.
Native extension for WindowsStandalone target not found
Native extension for Android target not found
Mono: successfully reloaded assembly
- Finished resetting the current domain, in  1.277 seconds
Domain Reload Profiling: 1789ms
	BeginReloadAssembly (182ms)
		ExecutionOrderSort (0ms)
		DisableScriptedObjects (11ms)
		BackupInstance (0ms)
		ReleaseScriptingObjects (0ms)
		CreateAndSetChildDomain (46ms)
	RebuildCommonClasses (26ms)
	RebuildNativeTypeToScriptingClass (8ms)
	initialDomainReloadingComplete (29ms)
	LoadAllAssembliesAndSetupDomain (267ms)
		LoadAssemblies (348ms)
		RebuildTransferFunctionScriptingTraits (0ms)
		AnalyzeDomain (11ms)
			TypeCache.Refresh (5ms)
				TypeCache.ScanAssembly (0ms)
			ScanForSourceGeneratedMonoScriptInfo (0ms)
			ResolveRequiredComponents (4ms)
	FinalizeReload (1278ms)
		ReleaseScriptCaches (0ms)
		RebuildScriptCaches (0ms)
		SetupLoadedEditorAssemblies (658ms)
			LogAssemblyErrors (0ms)
			InitializePlatformSupportModulesInManaged (27ms)
			SetLoadedEditorAssemblies (5ms)
			RefreshPlugins (0ms)
			BeforeProcessingInitializeOnLoad (132ms)
			ProcessInitializeOnLoadAttributes (446ms)
			ProcessInitializeOnLoadMethodAttributes (38ms)
			AfterProcessingInitializeOnLoad (9ms)
			EditorAssembliesLoaded (0ms)
		ExecutionOrderSort2 (0ms)
		AwakeInstancesAfterBackupRestoration (13ms)
Refreshing native plugins compatible for Editor in 6.55 ms, found 4 plugins.
Preloading 0 native plugins for Editor in 0.00 ms.
Unloading 4195 Unused Serialized files (Serialized files now loaded: 0)
Unloading 38 unused Assets / (35.8 KB). Loaded Objects now: 4728.
Memory consumption went from 166.2 MB to 166.2 MB.
Total: 3.764500 ms (FindLiveObjects: 0.276900 ms CreateObjectMapping: 0.116000 ms MarkObjects: 3.217200 ms  DeleteObjects: 0.153900 ms)

Prepare: number of updated asset objects reloaded= 0
AssetImportParameters requested are different than current active one (requested -> active):
  custom:container-demuxer-ogg: 62fdf1f143b41e24485cea50d1cbac27 -> 
  custom:scripting/monoscript/fileName/GameManager.cs: 2dca0f81252fbf785736df881c5b2037 -> 73121d96d0564e5af0f14fdeb677b22c
  custom:video-decoder-ogg-theora: a1e56fd34408186e4bbccfd4996cb3dc -> 
  custom:scripting/monoscript/fileName/TextGliter.cs: f439de185337e873282d616079acb1a3 -> 49ba9fd23e03e38a55e80b6b1845f2de
  custom:scripting/monoscript/fileName/Kamikaze.cs: 3c8b8613604af7ccc0e6fe64fb827d81 -> eca429f892dc91c72ae307385f12dfee
  custom:framework-win-MediaFoundation: 216162199b28c13a410421893ffa2e32 -> 
  custom:CustomObjectIndexerAttribute: 9a22284fe3817be447336de3de66b15e -> 
  custom:container-demuxer-webm: 4f35f7cbe854078d1ac9338744f61a02 -> 
  custom:container-muxer-webm: aa71ff27fc2769a1b78a27578f13a17b -> 
  custom:scripting/monoscript/fileName/MainScene.cs: 952265fbeeef6404b5c5fc323c98b7e1 -> 
  custom:video-decoder-webm-vp8: 9c59270c3fd7afecdb556c50c9e8de78 -> 
  custom:SearchIndexIgnoredProperties: e643bd26f0fe6173181afceb89e7c659 -> 
  custom:AudioImporter_EditorPlatform: d09bf68614088b80899f8185d706f6e7 -> 
  custom:scripting/monoscript/fileName/Background.cs: 39eef7d8c5990da3dfd173b8ac2d3f0e -> 2871ad11718452793dd2c04954366c23
  custom:scripting/monoscript/fileName/Enemy.cs: 47186d9cfb8a2b60e2b81ed0edaad075 -> 17e1130f327a97b02c11d852ea4e8818
  custom:video-encoder-webm-vp8: eb34c28f22e8b96e1ab97ce403110664 -> 
  custom:audio-decoder-ogg-vorbis: bf7c407c2cedff20999df2af8eb42d56 -> 
  custom:scripting/monoscript/fileName/Bullet.cs: 303394058226bd394ee5cb9b1428d64c -> 3df22b303e77d1629232faef5b67a7b1
  custom:scripting/monoscript/fileName/Player.cs: d3066a151016c5b0237aa408a2415135 -> e828efeab861e651a8d710640405dee7
  custom:audio-encoder-webm-vorbis: bf7c407c2cedff20999df2af8eb42d56 -> 
  custom:scripting/monoscript/fileName/EnemySpawner.cs: 3f713ebc6dd99b1015436ab80774c0a9 -> 
  custom:scripting/monoscript/fileName/TitleScene.cs: e1ae3be920fa3a69b039ee53398a0f67 -> 8cf95dd08d0f7d6b2c0e225f6f470f1c
========================================================================
Received Prepare
Begin MonoManager ReloadAssembly
- Loaded All Assemblies, in  0.483 seconds
Refreshing native plugins compatible for Editor in 4.96 ms, found 4 plugins.
Native extension for WindowsStandalone target not found
Native extension for Android target not found
Mono: successfully reloaded assembly
- Finished resetting the current domain, in  1.256 seconds
Domain Reload Profiling: 1731ms
	BeginReloadAssembly (150ms)
		ExecutionOrderSort (0ms)
		DisableScriptedObjects (10ms)
		BackupInstance (0ms)
		ReleaseScriptingObjects (0ms)
		CreateAndSetChildDomain (39ms)
	RebuildCommonClasses (26ms)
	RebuildNativeTypeToScriptingClass (9ms)
	initialDomainReloadingComplete (29ms)
	LoadAllAssembliesAndSetupDomain (260ms)
		LoadAssemblies (321ms)
		RebuildTransferFunctionScriptingTraits (0ms)
		AnalyzeDomain (11ms)
			TypeCache.Refresh (5ms)
				TypeCache.ScanAssembly (0ms)
			ScanForSourceGeneratedMonoScriptInfo (0ms)
			ResolveRequiredComponents (5ms)
	FinalizeReload (1257ms)
		ReleaseScriptCaches (0ms)
		RebuildScriptCaches (0ms)
		SetupLoadedEditorAssemblies (641ms)
			LogAssemblyErrors (0ms)
			InitializePlatformSupportModulesInManaged (27ms)
			SetLoadedEditorAssemblies (5ms)
			RefreshPlugins (0ms)
			BeforeProcessingInitializeOnLoad (130ms)
			ProcessInitializeOnLoadAttributes (433ms)
			ProcessInitializeOnLoadMethodAttributes (35ms)
			AfterProcessingInitializeOnLoad (10ms)
			EditorAssembliesLoaded (0ms)
		ExecutionOrderSort2 (0ms)
		AwakeInstancesAfterBackupRestoration (13ms)
Refreshing native plugins compatible for Editor in 5.86 ms, found 4 plugins.
Preloading 0 native plugins for Editor in 0.00 ms.
Unloading 4195 Unused Serialized files (Serialized files now loaded: 0)
Unloading 38 unused Assets / (35.9 KB). Loaded Objects now: 4732.
Memory consumption went from 168.2 MB to 168.1 MB.
Total: 3.752900 ms (FindLiveObjects: 0.577800 ms CreateObjectMapping: 0.383300 ms MarkObjects: 2.678000 ms  DeleteObjects: 0.112800 ms)

Prepare: number of updated asset objects reloaded= 0
AssetImportParameters requested are different than current active one (requested -> active):
  custom:container-demuxer-ogg: 62fdf1f143b41e24485cea50d1cbac27 -> 
  custom:scripting/monoscript/fileName/GameManager.cs: 2dca0f81252fbf785736df881c5b2037 -> 73121d96d0564e5af0f14fdeb677b22c
  custom:video-decoder-ogg-theora: a1e56fd34408186e4bbccfd4996cb3dc -> 
  custom:scripting/monoscript/fileName/TextGliter.cs: f439de185337e873282d616079acb1a3 -> 49ba9fd23e03e38a55e80b6b1845f2de
  custom:scripting/monoscript/fileName/Kamikaze.cs: 3c8b8613604af7ccc0e6fe64fb827d81 -> eca429f892dc91c72ae307385f12dfee
  custom:framework-win-MediaFoundation: 216162199b28c13a410421893ffa2e32 -> 
  custom:CustomObjectIndexerAttribute: 9a22284fe3817be447336de3de66b15e -> 
  custom:container-demuxer-webm: 4f35f7cbe854078d1ac9338744f61a02 -> 
  custom:container-muxer-webm: aa71ff27fc2769a1b78a27578f13a17b -> 
  custom:scripting/monoscript/fileName/MainScene.cs: 952265fbeeef6404b5c5fc323c98b7e1 -> 
  custom:video-decoder-webm-vp8: 9c59270c3fd7afecdb556c50c9e8de78 -> 
  custom:SearchIndexIgnoredProperties: e643bd26f0fe6173181afceb89e7c659 -> 
  custom:AudioImporter_EditorPlatform: d09bf68614088b80899f8185d706f6e7 -> 
  custom:scripting/monoscript/fileName/Background.cs: 39eef7d8c5990da3dfd173b8ac2d3f0e -> 2871ad11718452793dd2c04954366c23
  custom:scripting/monoscript/fileName/Enemy.cs: 47186d9cfb8a2b60e2b81ed0edaad075 -> 17e1130f327a97b02c11d852ea4e8818
  custom:video-encoder-webm-vp8: eb34c28f22e8b96e1ab97ce403110664 -> 
  custom:audio-decoder-ogg-vorbis: bf7c407c2cedff20999df2af8eb42d56 -> 
  custom:scripting/monoscript/fileName/Bullet.cs: 303394058226bd394ee5cb9b1428d64c -> 3df22b303e77d1629232faef5b67a7b1
  custom:scripting/monoscript/fileName/Player.cs: d3066a151016c5b0237aa408a2415135 -> e828efeab861e651a8d710640405dee7
  custom:audio-encoder-webm-vorbis: bf7c407c2cedff20999df2af8eb42d56 -> 
  custom:scripting/monoscript/fileName/EnemySpawner.cs: 3f713ebc6dd99b1015436ab80774c0a9 -> 
  custom:scripting/monoscript/fileName/TitleScene.cs: e1ae3be920fa3a69b039ee53398a0f67 -> 8cf95dd08d0f7d6b2c0e225f6f470f1c
========================================================================
Received Prepare
Begin MonoManager ReloadAssembly
- Loaded All Assemblies, in  0.492 seconds
Refreshing native plugins compatible for Editor in 4.90 ms, found 4 plugins.
Native extension for WindowsStandalone target not found
Native extension for Android target not found
Mono: successfully reloaded assembly
- Finished resetting the current domain, in  1.255 seconds
Domain Reload Profiling: 1743ms
	BeginReloadAssembly (149ms)
		ExecutionOrderSort (0ms)
		DisableScriptedObjects (11ms)
		BackupInstance (0ms)
		ReleaseScriptingObjects (0ms)
		CreateAndSetChildDomain (38ms)
	RebuildCommonClasses (26ms)
	RebuildNativeTypeToScriptingClass (9ms)
	initialDomainReloadingComplete (31ms)
	LoadAllAssembliesAndSetupDomain (274ms)
		LoadAssemblies (333ms)
		RebuildTransferFunctionScriptingTraits (0ms)
		AnalyzeDomain (11ms)
			TypeCache.Refresh (5ms)
				TypeCache.ScanAssembly (0ms)
			ScanForSourceGeneratedMonoScriptInfo (0ms)
			ResolveRequiredComponents (4ms)
	FinalizeReload (1255ms)
		ReleaseScriptCaches (0ms)
		RebuildScriptCaches (0ms)
		SetupLoadedEditorAssemblies (637ms)
			LogAssemblyErrors (0ms)
			InitializePlatformSupportModulesInManaged (28ms)
			SetLoadedEditorAssemblies (4ms)
			RefreshPlugins (0ms)
			BeforeProcessingInitializeOnLoad (137ms)
			ProcessInitializeOnLoadAttributes (423ms)
			ProcessInitializeOnLoadMethodAttributes (35ms)
			AfterProcessingInitializeOnLoad (9ms)
			EditorAssembliesLoaded (0ms)
		ExecutionOrderSort2 (0ms)
		AwakeInstancesAfterBackupRestoration (12ms)
Refreshing native plugins compatible for Editor in 5.42 ms, found 4 plugins.
Preloading 0 native plugins for Editor in 0.00 ms.
Unloading 4195 Unused Serialized files (Serialized files now loaded: 0)
Unloading 38 unused Assets / (35.9 KB). Loaded Objects now: 4736.
Memory consumption went from 170.1 MB to 170.0 MB.
Total: 3.091000 ms (FindLiveObjects: 0.485000 ms CreateObjectMapping: 0.105800 ms MarkObjects: 2.444400 ms  DeleteObjects: 0.055100 ms)

Prepare: number of updated asset objects reloaded= 0
AssetImportParameters requested are different than current active one (requested -> active):
  custom:container-demuxer-ogg: 62fdf1f143b41e24485cea50d1cbac27 -> 
  custom:scripting/monoscript/fileName/GameManager.cs: 2dca0f81252fbf785736df881c5b2037 -> 73121d96d0564e5af0f14fdeb677b22c
  custom:video-decoder-ogg-theora: a1e56fd34408186e4bbccfd4996cb3dc -> 
  custom:scripting/monoscript/fileName/TextGliter.cs: f439de185337e873282d616079acb1a3 -> 49ba9fd23e03e38a55e80b6b1845f2de
  custom:scripting/monoscript/fileName/Kamikaze.cs: 3c8b8613604af7ccc0e6fe64fb827d81 -> eca429f892dc91c72ae307385f12dfee
  custom:framework-win-MediaFoundation: 216162199b28c13a410421893ffa2e32 -> 
  custom:CustomObjectIndexerAttribute: 9a22284fe3817be447336de3de66b15e -> 
  custom:container-demuxer-webm: 4f35f7cbe854078d1ac9338744f61a02 -> 
  custom:container-muxer-webm: aa71ff27fc2769a1b78a27578f13a17b -> 
  custom:scripting/monoscript/fileName/MainScene.cs: 952265fbeeef6404b5c5fc323c98b7e1 -> 
  custom:video-decoder-webm-vp8: 9c59270c3fd7afecdb556c50c9e8de78 -> 
  custom:SearchIndexIgnoredProperties: e643bd26f0fe6173181afceb89e7c659 -> 
  custom:AudioImporter_EditorPlatform: d09bf68614088b80899f8185d706f6e7 -> 
  custom:scripting/monoscript/fileName/Background.cs: 39eef7d8c5990da3dfd173b8ac2d3f0e -> 2871ad11718452793dd2c04954366c23
  custom:scripting/monoscript/fileName/Enemy.cs: 47186d9cfb8a2b60e2b81ed0edaad075 -> 17e1130f327a97b02c11d852ea4e8818
  custom:video-encoder-webm-vp8: eb34c28f22e8b96e1ab97ce403110664 -> 
  custom:audio-decoder-ogg-vorbis: bf7c407c2cedff20999df2af8eb42d56 -> 
  custom:scripting/monoscript/fileName/Bullet.cs: 303394058226bd394ee5cb9b1428d64c -> 3df22b303e77d1629232faef5b67a7b1
  custom:scripting/monoscript/fileName/Player.cs: d3066a151016c5b0237aa408a2415135 -> e828efeab861e651a8d710640405dee7
  custom:audio-encoder-webm-vorbis: bf7c407c2cedff20999df2af8eb42d56 -> 
  custom:scripting/monoscript/fileName/EnemySpawner.cs: 3f713ebc6dd99b1015436ab80774c0a9 -> 
  custom:scripting/monoscript/fileName/TitleScene.cs: e1ae3be920fa3a69b039ee53398a0f67 -> 8cf95dd08d0f7d6b2c0e225f6f470f1c
========================================================================
Received Prepare
Begin MonoManager ReloadAssembly
- Loaded All Assemblies, in  0.591 seconds
Refreshing native plugins compatible for Editor in 5.29 ms, found 4 plugins.
Native extension for WindowsStandalone target not found
Native extension for Android target not found
Mono: successfully reloaded assembly
- Finished resetting the current domain, in  1.185 seconds
Domain Reload Profiling: 1772ms
	BeginReloadAssembly (182ms)
		ExecutionOrderSort (0ms)
		DisableScriptedObjects (10ms)
		BackupInstance (0ms)
		ReleaseScriptingObjects (0ms)
		CreateAndSetChildDomain (43ms)
	RebuildCommonClasses (50ms)
	RebuildNativeTypeToScriptingClass (13ms)
	initialDomainReloadingComplete (32ms)
	LoadAllAssembliesAndSetupDomain (309ms)
		LoadAssemblies (381ms)
		RebuildTransferFunctionScriptingTraits (0ms)
		AnalyzeDomain (25ms)
			TypeCache.Refresh (10ms)
				TypeCache.ScanAssembly (0ms)
			ScanForSourceGeneratedMonoScriptInfo (9ms)
			ResolveRequiredComponents (5ms)
	FinalizeReload (1186ms)
		ReleaseScriptCaches (0ms)
		RebuildScriptCaches (0ms)
		SetupLoadedEditorAssemblies (553ms)
			LogAssemblyErrors (0ms)
			InitializePlatformSupportModulesInManaged (28ms)
			SetLoadedEditorAssemblies (7ms)
			RefreshPlugins (0ms)
			BeforeProcessingInitializeOnLoad (112ms)
			ProcessInitializeOnLoadAttributes (369ms)
			ProcessInitializeOnLoadMethodAttributes (29ms)
			AfterProcessingInitializeOnLoad (9ms)
			EditorAssembliesLoaded (0ms)
		ExecutionOrderSort2 (0ms)
		AwakeInstancesAfterBackupRestoration (11ms)
Refreshing native plugins compatible for Editor in 5.23 ms, found 4 plugins.
Preloading 0 native plugins for Editor in 0.00 ms.
Unloading 4195 Unused Serialized files (Serialized files now loaded: 0)
Unloading 38 unused Assets / (35.9 KB). Loaded Objects now: 4740.
Memory consumption went from 172.0 MB to 172.0 MB.
Total: 3.223100 ms (FindLiveObjects: 0.329700 ms CreateObjectMapping: 0.297600 ms MarkObjects: 2.531800 ms  DeleteObjects: 0.063200 ms)

Prepare: number of updated asset objects reloaded= 0
AssetImportParameters requested are different than current active one (requested -> active):
  custom:container-demuxer-ogg: 62fdf1f143b41e24485cea50d1cbac27 -> 
  custom:scripting/monoscript/fileName/GameManager.cs: 2dca0f81252fbf785736df881c5b2037 -> 73121d96d0564e5af0f14fdeb677b22c
  custom:video-decoder-ogg-theora: a1e56fd34408186e4bbccfd4996cb3dc -> 
  custom:scripting/monoscript/fileName/TextGliter.cs: f439de185337e873282d616079acb1a3 -> 49ba9fd23e03e38a55e80b6b1845f2de
  custom:scripting/monoscript/fileName/Kamikaze.cs: 3c8b8613604af7ccc0e6fe64fb827d81 -> eca429f892dc91c72ae307385f12dfee
  custom:framework-win-MediaFoundation: 216162199b28c13a410421893ffa2e32 -> 
  custom:CustomObjectIndexerAttribute: 9a22284fe3817be447336de3de66b15e -> 
  custom:container-demuxer-webm: 4f35f7cbe854078d1ac9338744f61a02 -> 
  custom:container-muxer-webm: aa71ff27fc2769a1b78a27578f13a17b -> 
  custom:scripting/monoscript/fileName/MainScene.cs: 952265fbeeef6404b5c5fc323c98b7e1 -> 
  custom:video-decoder-webm-vp8: 9c59270c3fd7afecdb556c50c9e8de78 -> 
  custom:SearchIndexIgnoredProperties: e643bd26f0fe6173181afceb89e7c659 -> 
  custom:AudioImporter_EditorPlatform: d09bf68614088b80899f8185d706f6e7 -> 
  custom:scripting/monoscript/fileName/Background.cs: 39eef7d8c5990da3dfd173b8ac2d3f0e -> 2871ad11718452793dd2c04954366c23
  custom:scripting/monoscript/fileName/Enemy.cs: 47186d9cfb8a2b60e2b81ed0edaad075 -> 17e1130f327a97b02c11d852ea4e8818
  custom:video-encoder-webm-vp8: eb34c28f22e8b96e1ab97ce403110664 -> 
  custom:audio-decoder-ogg-vorbis: bf7c407c2cedff20999df2af8eb42d56 -> 
  custom:scripting/monoscript/fileName/Bullet.cs: 303394058226bd394ee5cb9b1428d64c -> 3df22b303e77d1629232faef5b67a7b1
  custom:scripting/monoscript/fileName/Player.cs: d3066a151016c5b0237aa408a2415135 -> e828efeab861e651a8d710640405dee7
  custom:audio-encoder-webm-vorbis: bf7c407c2cedff20999df2af8eb42d56 -> 
  custom:scripting/monoscript/fileName/EnemySpawner.cs: 3f713ebc6dd99b1015436ab80774c0a9 -> 
  custom:scripting/monoscript/fileName/TitleScene.cs: e1ae3be920fa3a69b039ee53398a0f67 -> 8cf95dd08d0f7d6b2c0e225f6f470f1c
========================================================================
Received Prepare
Begin MonoManager ReloadAssembly
- Loaded All Assemblies, in  0.515 seconds
Refreshing native plugins compatible for Editor in 4.86 ms, found 4 plugins.
Native extension for WindowsStandalone target not found
Native extension for Android target not found
Mono: successfully reloaded assembly
- Finished resetting the current domain, in  1.206 seconds
Domain Reload Profiling: 1717ms
	BeginReloadAssembly (161ms)
		ExecutionOrderSort (0ms)
		DisableScriptedObjects (11ms)
		BackupInstance (0ms)
		ReleaseScriptingObjects (0ms)
		CreateAndSetChildDomain (39ms)
	RebuildCommonClasses (26ms)
	RebuildNativeTypeToScriptingClass (8ms)
	initialDomainReloadingComplete (29ms)
	LoadAllAssembliesAndSetupDomain (286ms)
		LoadAssemblies (342ms)
		RebuildTransferFunctionScriptingTraits (0ms)
		AnalyzeDomain (23ms)
			TypeCache.Refresh (8ms)
				TypeCache.ScanAssembly (0ms)
			ScanForSourceGeneratedMonoScriptInfo (8ms)
			ResolveRequiredComponents (5ms)
	FinalizeReload (1207ms)
		ReleaseScriptCaches (0ms)
		RebuildScriptCaches (0ms)
		SetupLoadedEditorAssemblies (588ms)
			LogAssemblyErrors (0ms)
			InitializePlatformSupportModulesInManaged (28ms)
			SetLoadedEditorAssemblies (5ms)
			RefreshPlugins (0ms)
			BeforeProcessingInitializeOnLoad (123ms)
			ProcessInitializeOnLoadAttributes (389ms)
			ProcessInitializeOnLoadMethodAttributes (34ms)
			AfterProcessingInitializeOnLoad (9ms)
			EditorAssembliesLoaded (0ms)
		ExecutionOrderSort2 (0ms)
		AwakeInstancesAfterBackupRestoration (13ms)
Refreshing native plugins compatible for Editor in 5.41 ms, found 4 plugins.
Preloading 0 native plugins for Editor in 0.00 ms.
Unloading 4195 Unused Serialized files (Serialized files now loaded: 0)
Unloading 38 unused Assets / (35.8 KB). Loaded Objects now: 4744.
Memory consumption went from 173.9 MB to 173.9 MB.
Total: 3.955000 ms (FindLiveObjects: 0.417500 ms CreateObjectMapping: 0.312300 ms MarkObjects: 3.157500 ms  DeleteObjects: 0.067100 ms)

Prepare: number of updated asset objects reloaded= 0
AssetImportParameters requested are different than current active one (requested -> active):
  custom:container-demuxer-ogg: 62fdf1f143b41e24485cea50d1cbac27 -> 
  custom:scripting/monoscript/fileName/GameManager.cs: 2dca0f81252fbf785736df881c5b2037 -> 73121d96d0564e5af0f14fdeb677b22c
  custom:video-decoder-ogg-theora: a1e56fd34408186e4bbccfd4996cb3dc -> 
  custom:scripting/monoscript/fileName/TextGliter.cs: f439de185337e873282d616079acb1a3 -> 49ba9fd23e03e38a55e80b6b1845f2de
  custom:scripting/monoscript/fileName/Kamikaze.cs: 3c8b8613604af7ccc0e6fe64fb827d81 -> eca429f892dc91c72ae307385f12dfee
  custom:framework-win-MediaFoundation: 216162199b28c13a410421893ffa2e32 -> 
  custom:CustomObjectIndexerAttribute: 9a22284fe3817be447336de3de66b15e -> 
  custom:container-demuxer-webm: 4f35f7cbe854078d1ac9338744f61a02 -> 
  custom:container-muxer-webm: aa71ff27fc2769a1b78a27578f13a17b -> 
  custom:scripting/monoscript/fileName/MainScene.cs: 952265fbeeef6404b5c5fc323c98b7e1 -> 
  custom:video-decoder-webm-vp8: 9c59270c3fd7afecdb556c50c9e8de78 -> 
  custom:SearchIndexIgnoredProperties: e643bd26f0fe6173181afceb89e7c659 -> 
  custom:AudioImporter_EditorPlatform: d09bf68614088b80899f8185d706f6e7 -> 
  custom:scripting/monoscript/fileName/Background.cs: 39eef7d8c5990da3dfd173b8ac2d3f0e -> 2871ad11718452793dd2c04954366c23
  custom:scripting/monoscript/fileName/Enemy.cs: 47186d9cfb8a2b60e2b81ed0edaad075 -> 17e1130f327a97b02c11d852ea4e8818
  custom:video-encoder-webm-vp8: eb34c28f22e8b96e1ab97ce403110664 -> 
  custom:audio-decoder-ogg-vorbis: bf7c407c2cedff20999df2af8eb42d56 -> 
  custom:scripting/monoscript/fileName/Bullet.cs: 303394058226bd394ee5cb9b1428d64c -> 3df22b303e77d1629232faef5b67a7b1
  custom:scripting/monoscript/fileName/Player.cs: d3066a151016c5b0237aa408a2415135 -> e828efeab861e651a8d710640405dee7
  custom:audio-encoder-webm-vorbis: bf7c407c2cedff20999df2af8eb42d56 -> 
  custom:scripting/monoscript/fileName/EnemySpawner.cs: 3f713ebc6dd99b1015436ab80774c0a9 -> 
  custom:scripting/monoscript/fileName/TitleScene.cs: e1ae3be920fa3a69b039ee53398a0f67 -> 8cf95dd08d0f7d6b2c0e225f6f470f1c
========================================================================
Received Import Request.
  Time since last request: 346.411091 seconds.
  path: Assets/25.01.03~25.01.06 (31일 차~32일 차)/Scripts/Scene Object/Character/Enemy/Kamikaze.cs
  artifactKey: Guid(d0af0d10c19397449a7038d5a5e8d0fb) Importer(815301076,1909f56bfc062723c751e8b465ee728b)
Start importing Assets/25.01.03~25.01.06 (31일 차~32일 차)/Scripts/Scene Object/Character/Enemy/Kamikaze.cs using Guid(d0af0d10c19397449a7038d5a5e8d0fb) Importer(815301076,1909f56bfc062723c751e8b465ee728b)  -> (artifact id: '64330b353e1ddae36e3232407af23cc7') in 0.001685 seconds
Number of updated asset objects reloaded before import = 0
Number of asset objects unloaded after import = 0
========================================================================
Received Import Request.
  Time since last request: 5.346385 seconds.
  path: Assets/25.01.03~25.01.06 (31일 차~32일 차)/Prefabs/Enemy.prefab
  artifactKey: Guid(f178d6a2a855f32408153c36e2bdff19) Importer(815301076,1909f56bfc062723c751e8b465ee728b)
Start importing Assets/25.01.03~25.01.06 (31일 차~32일 차)/Prefabs/Enemy.prefab using Guid(f178d6a2a855f32408153c36e2bdff19) Importer(815301076,1909f56bfc062723c751e8b465ee728b)  -> (artifact id: '2aac8ed2f0830da84a0a6830283bcf30') in 0.054058 seconds
Number of updated asset objects reloaded before import = 0
Number of asset objects unloaded after import = 11
========================================================================
Received Import Request.
  Time since last request: 0.000018 seconds.
  path: Assets/25.01.03~25.01.06 (31일 차~32일 차)/Prefabs/Player Bullet.prefab
  artifactKey: Guid(1b7a91e32311d8d4187f4a149d8190f4) Importer(815301076,1909f56bfc062723c751e8b465ee728b)
Start importing Assets/25.01.03~25.01.06 (31일 차~32일 차)/Prefabs/Player Bullet.prefab using Guid(1b7a91e32311d8d4187f4a149d8190f4) Importer(815301076,1909f56bfc062723c751e8b465ee728b)  -> (artifact id: '8ca72f3ed1e1311604e19c717f6ccd04') in 0.006545 seconds
Number of updated asset objects reloaded before import = 0
Number of asset objects unloaded after import = 11
========================================================================
Received Import Request.
  Time since last request: 5.023129 seconds.
  path: Assets/25.01.03~25.01.06 (31일 차~32일 차)/Prefabs/Player Bullet.prefab
  artifactKey: Guid(1b7a91e32311d8d4187f4a149d8190f4) Importer(815301076,1909f56bfc062723c751e8b465ee728b)
Start importing Assets/25.01.03~25.01.06 (31일 차~32일 차)/Prefabs/Player Bullet.prefab using Guid(1b7a91e32311d8d4187f4a149d8190f4) Importer(815301076,1909f56bfc062723c751e8b465ee728b)  -> (artifact id: 'c49e5b5cf05d88c928a54e2cc58b4845') in 0.005820 seconds
Number of updated asset objects reloaded before import = 0
Number of asset objects unloaded after import = 11
========================================================================
Received Prepare
Begin MonoManager ReloadAssembly
- Loaded All Assemblies, in  0.500 seconds
Refreshing native plugins compatible for Editor in 5.06 ms, found 4 plugins.
Native extension for WindowsStandalone target not found
Native extension for Android target not found
Mono: successfully reloaded assembly
- Finished resetting the current domain, in  1.370 seconds
Domain Reload Profiling: 1866ms
	BeginReloadAssembly (159ms)
		ExecutionOrderSort (0ms)
		DisableScriptedObjects (11ms)
		BackupInstance (0ms)
		ReleaseScriptingObjects (0ms)
		CreateAndSetChildDomain (47ms)
	RebuildCommonClasses (26ms)
	RebuildNativeTypeToScriptingClass (9ms)
	initialDomainReloadingComplete (28ms)
	LoadAllAssembliesAndSetupDomain (273ms)
		LoadAssemblies (333ms)
		RebuildTransferFunctionScriptingTraits (0ms)
		AnalyzeDomain (12ms)
			TypeCache.Refresh (5ms)
				TypeCache.ScanAssembly (0ms)
			ScanForSourceGeneratedMonoScriptInfo (0ms)
			ResolveRequiredComponents (5ms)
	FinalizeReload (1371ms)
		ReleaseScriptCaches (0ms)
		RebuildScriptCaches (0ms)
		SetupLoadedEditorAssemblies (677ms)
			LogAssemblyErrors (0ms)
			InitializePlatformSupportModulesInManaged (30ms)
			SetLoadedEditorAssemblies (5ms)
			RefreshPlugins (0ms)
			BeforeProcessingInitializeOnLoad (137ms)
			ProcessInitializeOnLoadAttributes (458ms)
			ProcessInitializeOnLoadMethodAttributes (37ms)
			AfterProcessingInitializeOnLoad (10ms)
			EditorAssembliesLoaded (0ms)
		ExecutionOrderSort2 (0ms)
		AwakeInstancesAfterBackupRestoration (16ms)
Refreshing native plugins compatible for Editor in 6.48 ms, found 4 plugins.
Preloading 0 native plugins for Editor in 0.00 ms.
Unloading 4194 Unused Serialized files (Serialized files now loaded: 0)
Unloading 38 unused Assets / (35.8 KB). Loaded Objects now: 4748.
Memory consumption went from 175.6 MB to 175.6 MB.
Total: 4.597600 ms (FindLiveObjects: 0.352700 ms CreateObjectMapping: 0.125700 ms MarkObjects: 4.057300 ms  DeleteObjects: 0.061000 ms)

Prepare: number of updated asset objects reloaded= 0
AssetImportParameters requested are different than current active one (requested -> active):
  custom:container-demuxer-ogg: 62fdf1f143b41e24485cea50d1cbac27 -> 
  custom:scripting/monoscript/fileName/GameManager.cs: 2dca0f81252fbf785736df881c5b2037 -> 73121d96d0564e5af0f14fdeb677b22c
  custom:video-decoder-ogg-theora: a1e56fd34408186e4bbccfd4996cb3dc -> 
  custom:scripting/monoscript/fileName/TextGliter.cs: f439de185337e873282d616079acb1a3 -> 49ba9fd23e03e38a55e80b6b1845f2de
  custom:scripting/monoscript/fileName/Kamikaze.cs: 3c8b8613604af7ccc0e6fe64fb827d81 -> eca429f892dc91c72ae307385f12dfee
  custom:framework-win-MediaFoundation: 216162199b28c13a410421893ffa2e32 -> 
  custom:CustomObjectIndexerAttribute: 9a22284fe3817be447336de3de66b15e -> 
  custom:container-demuxer-webm: 4f35f7cbe854078d1ac9338744f61a02 -> 
  custom:container-muxer-webm: aa71ff27fc2769a1b78a27578f13a17b -> 
  custom:scripting/monoscript/fileName/MainScene.cs: 952265fbeeef6404b5c5fc323c98b7e1 -> 
  custom:video-decoder-webm-vp8: 9c59270c3fd7afecdb556c50c9e8de78 -> 
  custom:SearchIndexIgnoredProperties: e643bd26f0fe6173181afceb89e7c659 -> 
  custom:AudioImporter_EditorPlatform: d09bf68614088b80899f8185d706f6e7 -> 
  custom:scripting/monoscript/fileName/Background.cs: 39eef7d8c5990da3dfd173b8ac2d3f0e -> 2871ad11718452793dd2c04954366c23
  custom:scripting/monoscript/fileName/Enemy.cs: 47186d9cfb8a2b60e2b81ed0edaad075 -> 17e1130f327a97b02c11d852ea4e8818
  custom:video-encoder-webm-vp8: eb34c28f22e8b96e1ab97ce403110664 -> 
  custom:audio-decoder-ogg-vorbis: bf7c407c2cedff20999df2af8eb42d56 -> 
  custom:scripting/monoscript/fileName/Bullet.cs: 303394058226bd394ee5cb9b1428d64c -> 3df22b303e77d1629232faef5b67a7b1
  custom:scripting/monoscript/fileName/Player.cs: d3066a151016c5b0237aa408a2415135 -> e828efeab861e651a8d710640405dee7
  custom:audio-encoder-webm-vorbis: bf7c407c2cedff20999df2af8eb42d56 -> 
  custom:scripting/monoscript/fileName/EnemySpawner.cs: 3f713ebc6dd99b1015436ab80774c0a9 -> 
  custom:scripting/monoscript/fileName/TitleScene.cs: e1ae3be920fa3a69b039ee53398a0f67 -> 8cf95dd08d0f7d6b2c0e225f6f470f1c
========================================================================
Received Import Request.
  Time since last request: 51.273909 seconds.
  path: Assets/25.01.03~25.01.06 (31일 차~32일 차)/Prefabs/Player Bullet.prefab
  artifactKey: Guid(1b7a91e32311d8d4187f4a149d8190f4) Importer(815301076,1909f56bfc062723c751e8b465ee728b)
Start importing Assets/25.01.03~25.01.06 (31일 차~32일 차)/Prefabs/Player Bullet.prefab using Guid(1b7a91e32311d8d4187f4a149d8190f4) Importer(815301076,1909f56bfc062723c751e8b465ee728b)  -> (artifact id: '4c9c745a559f82789d0f41c5bfd35c40') in 0.046170 seconds
Number of updated asset objects reloaded before import = 0
Number of asset objects unloaded after import = 11
========================================================================
Received Prepare
Begin MonoManager ReloadAssembly
- Loaded All Assemblies, in  0.491 seconds
Refreshing native plugins compatible for Editor in 5.06 ms, found 4 plugins.
Native extension for WindowsStandalone target not found
Native extension for Android target not found
Mono: successfully reloaded assembly
- Finished resetting the current domain, in  1.371 seconds
Domain Reload Profiling: 1858ms
	BeginReloadAssembly (160ms)
		ExecutionOrderSort (0ms)
		DisableScriptedObjects (10ms)
		BackupInstance (0ms)
		ReleaseScriptingObjects (0ms)
		CreateAndSetChildDomain (40ms)
	RebuildCommonClasses (32ms)
	RebuildNativeTypeToScriptingClass (8ms)
	initialDomainReloadingComplete (29ms)
	LoadAllAssembliesAndSetupDomain (256ms)
		LoadAssemblies (325ms)
		RebuildTransferFunctionScriptingTraits (0ms)
		AnalyzeDomain (12ms)
			TypeCache.Refresh (6ms)
				TypeCache.ScanAssembly (0ms)
			ScanForSourceGeneratedMonoScriptInfo (0ms)
			ResolveRequiredComponents (4ms)
	FinalizeReload (1371ms)
		ReleaseScriptCaches (0ms)
		RebuildScriptCaches (0ms)
		SetupLoadedEditorAssemblies (687ms)
			LogAssemblyErrors (0ms)
			InitializePlatformSupportModulesInManaged (30ms)
			SetLoadedEditorAssemblies (5ms)
			RefreshPlugins (0ms)
			BeforeProcessingInitializeOnLoad (138ms)
			ProcessInitializeOnLoadAttributes (464ms)
			ProcessInitializeOnLoadMethodAttributes (39ms)
			AfterProcessingInitializeOnLoad (10ms)
			EditorAssembliesLoaded (1ms)
		ExecutionOrderSort2 (0ms)
		AwakeInstancesAfterBackupRestoration (15ms)
Refreshing native plugins compatible for Editor in 6.59 ms, found 4 plugins.
Preloading 0 native plugins for Editor in 0.00 ms.
Unloading 4194 Unused Serialized files (Serialized files now loaded: 0)
Unloading 38 unused Assets / (36.8 KB). Loaded Objects now: 4752.
Memory consumption went from 177.5 MB to 177.5 MB.
Total: 5.008200 ms (FindLiveObjects: 0.609300 ms CreateObjectMapping: 0.157700 ms MarkObjects: 4.137900 ms  DeleteObjects: 0.102700 ms)

Prepare: number of updated asset objects reloaded= 0
AssetImportParameters requested are different than current active one (requested -> active):
  custom:container-demuxer-ogg: 62fdf1f143b41e24485cea50d1cbac27 -> 
  custom:scripting/monoscript/fileName/GameManager.cs: 2dca0f81252fbf785736df881c5b2037 -> 73121d96d0564e5af0f14fdeb677b22c
  custom:video-decoder-ogg-theora: a1e56fd34408186e4bbccfd4996cb3dc -> 
  custom:scripting/monoscript/fileName/TextGliter.cs: f439de185337e873282d616079acb1a3 -> 49ba9fd23e03e38a55e80b6b1845f2de
  custom:scripting/monoscript/fileName/Kamikaze.cs: 3c8b8613604af7ccc0e6fe64fb827d81 -> eca429f892dc91c72ae307385f12dfee
  custom:framework-win-MediaFoundation: 216162199b28c13a410421893ffa2e32 -> 
  custom:CustomObjectIndexerAttribute: 9a22284fe3817be447336de3de66b15e -> 
  custom:container-demuxer-webm: 4f35f7cbe854078d1ac9338744f61a02 -> 
  custom:container-muxer-webm: aa71ff27fc2769a1b78a27578f13a17b -> 
  custom:scripting/monoscript/fileName/MainScene.cs: 952265fbeeef6404b5c5fc323c98b7e1 -> 
  custom:video-decoder-webm-vp8: 9c59270c3fd7afecdb556c50c9e8de78 -> 
  custom:SearchIndexIgnoredProperties: e643bd26f0fe6173181afceb89e7c659 -> 
  custom:AudioImporter_EditorPlatform: d09bf68614088b80899f8185d706f6e7 -> 
  custom:scripting/monoscript/fileName/Background.cs: 39eef7d8c5990da3dfd173b8ac2d3f0e -> 2871ad11718452793dd2c04954366c23
  custom:scripting/monoscript/fileName/Enemy.cs: 47186d9cfb8a2b60e2b81ed0edaad075 -> 17e1130f327a97b02c11d852ea4e8818
  custom:video-encoder-webm-vp8: eb34c28f22e8b96e1ab97ce403110664 -> 
  custom:audio-decoder-ogg-vorbis: bf7c407c2cedff20999df2af8eb42d56 -> 
  custom:scripting/monoscript/fileName/Bullet.cs: 303394058226bd394ee5cb9b1428d64c -> 3df22b303e77d1629232faef5b67a7b1
  custom:scripting/monoscript/fileName/Player.cs: d3066a151016c5b0237aa408a2415135 -> e828efeab861e651a8d710640405dee7
  custom:audio-encoder-webm-vorbis: bf7c407c2cedff20999df2af8eb42d56 -> 
  custom:scripting/monoscript/fileName/EnemySpawner.cs: 3f713ebc6dd99b1015436ab80774c0a9 -> 
  custom:scripting/monoscript/fileName/TitleScene.cs: e1ae3be920fa3a69b039ee53398a0f67 -> 8cf95dd08d0f7d6b2c0e225f6f470f1c
